<?xml version="1.0" encoding="UTF-8" standalone="no"?>
<testsuite errors="0" failures="3" name="io.cucumber.core.plugin.JUnitFormatter" skipped="0" tests="3" time="0.061">
    <testcase classname="feature to demo tags" name="Sample 1" time="0.009">
        <failure message="The scenario has no steps" type="java.lang.Exception"/>
    </testcase>
    <testcase classname="feature to demo tags" name="Sample 2" time="0.002">
        <failure message="The scenario has no steps" type="java.lang.Exception"/>
    </testcase>
    <testcase classname="feature to demo tags" name="Sample 3" time="0.002">
        <failure message="The scenario has no steps" type="java.lang.Exception"/>
    </testcase>
</testsuite>
